<?xml version="1.0" encoding="UTF-8"?>
<testsuite name="org.example.distancedata.dto.ContinentDTOTest" tests="3" skipped="0" failures="0" errors="0" timestamp="2024-04-23T10:28:56" hostname="IVANPC" time="0.005">
  <properties/>
  <testcase name="testContinentDTOEquality()" classname="org.example.distancedata.dto.ContinentDTOTest" time="0.001"/>
  <testcase name="testContinentDTOInitialization()" classname="org.example.distancedata.dto.ContinentDTOTest" time="0.001"/>
  <testcase name="testContinentDTOUpdate()" classname="org.example.distancedata.dto.ContinentDTOTest" time="0.001"/>
  <system-out><![CDATA[]]></system-out>
  <system-err><![CDATA[]]></system-err>
</testsuite>
