<?xml version="1.0" encoding="UTF-8"?>
<testsuite name="org.example.distancedata.exception.ExceptionDetailsTest" tests="3" skipped="0" failures="0" errors="0" timestamp="2024-04-23T10:28:56" hostname="IVANPC" time="0.007">
  <properties/>
  <testcase name="testToString()" classname="org.example.distancedata.exception.ExceptionDetailsTest" time="0.004"/>
  <testcase name="testCreateExceptionDetails()" classname="org.example.distancedata.exception.ExceptionDetailsTest" time="0.001"/>
  <testcase name="testEqualsAndHashCode()" classname="org.example.distancedata.exception.ExceptionDetailsTest" time="0.002"/>
  <system-out><![CDATA[]]></system-out>
  <system-err><![CDATA[]]></system-err>
</testsuite>
