<?xml version="1.0" encoding="UTF-8"?>
<testsuite name="org.example.distancedata.exception.ExceptionsHandlerDiffblueTest" tests="4" skipped="0" failures="0" errors="0" timestamp="2024-04-23T10:28:56" hostname="IVANPC" time="0.143">
  <properties/>
  <testcase name="testServerException()" classname="org.example.distancedata.exception.ExceptionsHandlerDiffblueTest" time="0.002"/>
  <testcase name="testServerException2()" classname="org.example.distancedata.exception.ExceptionsHandlerDiffblueTest" time="0.086"/>
  <testcase name="testBadRequestException2()" classname="org.example.distancedata.exception.ExceptionsHandlerDiffblueTest" time="0.05"/>
  <testcase name="testBadRequestException()" classname="org.example.distancedata.exception.ExceptionsHandlerDiffblueTest" time="0.002"/>
  <system-out><![CDATA[]]></system-out>
  <system-err><![CDATA[]]></system-err>
</testsuite>
