<?xml version="1.0" encoding="UTF-8"?>
<testsuite name="org.example.distancedata.exception.BadRequestExceptionTest" tests="2" skipped="0" failures="0" errors="0" timestamp="2024-04-23T10:28:56" hostname="IVANPC" time="0.002">
  <properties/>
  <testcase name="testBadRequestExceptionWithMessage()" classname="org.example.distancedata.exception.BadRequestExceptionTest" time="0.001"/>
  <testcase name="testThrowingBadRequestException()" classname="org.example.distancedata.exception.BadRequestExceptionTest" time="0.001"/>
  <system-out><![CDATA[]]></system-out>
  <system-err><![CDATA[]]></system-err>
</testsuite>
