<?xml version="1.0" encoding="UTF-8"?>
<testsuite name="org.example.distancedata.cache.LRUCacheTest" tests="3" skipped="0" failures="0" errors="0" timestamp="2024-04-23T10:28:52" hostname="IVANPC" time="0.012">
  <properties/>
  <testcase name="containsCheck()" classname="org.example.distancedata.cache.LRUCacheTest" time="0.007"/>
  <testcase name="getAndPutCheck()" classname="org.example.distancedata.cache.LRUCacheTest" time="0.004"/>
  <testcase name="removeCheck()" classname="org.example.distancedata.cache.LRUCacheTest" time="0.001"/>
  <system-out><![CDATA[]]></system-out>
  <system-err><![CDATA[]]></system-err>
</testsuite>
