<?xml version="1.0" encoding="UTF-8"?>
<testsuite name="org.example.distancedata.exception.ServerExceptionTest" tests="2" skipped="0" failures="0" errors="0" timestamp="2024-04-23T10:28:56" hostname="IVANPC" time="0.002">
  <properties/>
  <testcase name="testExceptionMessage()" classname="org.example.distancedata.exception.ServerExceptionTest" time="0.001"/>
  <testcase name="testThrowingServerException()" classname="org.example.distancedata.exception.ServerExceptionTest" time="0.001"/>
  <system-out><![CDATA[]]></system-out>
  <system-err><![CDATA[]]></system-err>
</testsuite>
